<?xml version="1.0" encoding="UTF-8"?>
<!-- Generated by org.testng.reporters.JUnitReportReporter -->
<testsuite hostname="inbl01lap7243" failures="0" tests="1" name="RestAssuredTestCase.GETRequestDemo" time="2.417" errors="0" timestamp="2022-02-19T13:09:05 IST" skipped="0">
  <testcase classname="RestAssuredTestCase.GETRequestDemo" name="Get_Request" time="2.417"/>
  <system-out/>
</testsuite> <!-- RestAssuredTestCase.GETRequestDemo -->
