<?xml version="1.0" encoding="UTF-8"?>
<!-- Generated by org.testng.reporters.JUnitReportReporter -->
<testsuite hostname="inbl01lap7243" failures="0" tests="1" name="RestAssuredTestCase.Test_POST" time="2.089" errors="0" timestamp="2022-02-19T13:11:34 IST" skipped="0">
  <testcase classname="RestAssuredTestCase.Test_POST" name="PutRequest" time="2.089"/>
  <system-out/>
</testsuite> <!-- RestAssuredTestCase.Test_POST -->
