<?xml version="1.0" encoding="UTF-8"?>
<!-- Generated by org.testng.reporters.JUnitReportReporter -->
<testsuite hostname="inbl01lap7243" failures="0" tests="1" name="RestAssuredTestCase.Test_PUT" time="1.859" errors="0" timestamp="2022-02-19T13:09:17 IST" skipped="0">
  <testcase classname="RestAssuredTestCase.Test_PUT" name="putRequest" time="1.859"/>
  <system-out/>
</testsuite> <!-- RestAssuredTestCase.Test_PUT -->
