<?xml version="1.0" encoding="UTF-8"?>
<!-- Generated by org.testng.reporters.JUnitReportReporter -->
<testsuite hostname="inbl01lap7243" failures="0" tests="1" name="RestAssuredTestCase.Test_Delete" time="1.888" errors="0" timestamp="2022-02-19T12:23:32 IST" skipped="0">
  <testcase classname="RestAssuredTestCase.Test_Delete" name="PutRequest" time="1.888"/>
  <system-out/>
</testsuite> <!-- RestAssuredTestCase.Test_Delete -->
