<?xml version="1.0" encoding="UTF-8"?>
<!-- Generated by org.testng.reporters.JUnitReportReporter -->
<testsuite hostname="inbl01lap7243" failures="0" tests="1" name="TestCases.ManageApointPageTest" time="14.243" errors="0" timestamp="2022-02-19T10:21:36 IST" skipped="0">
  <testcase classname="TestCases.ManageApointPageTest" name="verify_x_clickButton" time="14.243"/>
  <system-out/>
</testsuite> <!-- TestCases.ManageApointPageTest -->
