<?xml version="1.0" encoding="UTF-8"?>
<!-- Generated by org.testng.reporters.JUnitReportReporter -->
<testsuite hostname="inbl01lap7243" failures="0" tests="1" name="TestCases.LoginPageTest" time="8.039" errors="0" timestamp="2022-02-19T10:21:36 IST" skipped="0">
  <testcase classname="TestCases.LoginPageTest" name="validateLoginPage" time="8.039"/>
  <system-out/>
</testsuite> <!-- TestCases.LoginPageTest -->
