<?xml version="1.0" encoding="UTF-8"?>
<!-- Generated by org.testng.reporters.JUnitReportReporter -->
<testsuite hostname="inbl01lap7243" failures="0" tests="1" name="TestCases.FindPatientPageTest" time="12.785" errors="0" timestamp="2022-02-19T10:21:36 IST" skipped="0">
  <testcase classname="TestCases.FindPatientPageTest" name="verifyingID" time="12.785"/>
  <system-out/>
</testsuite> <!-- TestCases.FindPatientPageTest -->
